This is pdfTeX, Version 3.141592653-2.6-1.40.26 (TeX Live 2024) (preloaded format=pdflatex 2024.8.25)  28 AUG 2024 11:18
entering extended mode
 restricted \write18 enabled.
 file:line:error style messages enabled.
 %&-line parsing enabled.
**"/Users/yashaswee/Lovely Professional University/Semester V/CSE443 Seminar on Summer Training/Summer Training Report/main.tex"
(/Users/yashaswee/Lovely Professional University/Semester V/CSE443 Seminar on Summer Training/Summer Training Report/main.tex
LaTeX2e <2023-11-01> patch level 1
L3 programming layer <2024-02-20>
(/usr/local/texlive/2024/texmf-dist/tex/latex/base/article.cls
Document Class: article 2023/05/17 v1.4n Standard LaTeX document class
(/usr/local/texlive/2024/texmf-dist/tex/latex/base/size10.clo
File: size10.clo 2023/05/17 v1.4n Standard LaTeX file (size option)
)
\c@part=\count188
\c@section=\count189
\c@subsection=\count190
\c@subsubsection=\count191
\c@paragraph=\count192
\c@subparagraph=\count193
\c@figure=\count194
\c@table=\count195
\abovecaptionskip=\skip48
\belowcaptionskip=\skip49
\bibindent=\dimen140
) (/usr/local/texlive/2024/texmf-dist/tex/latex/amsmath/amsmath.sty
Package: amsmath 2023/05/13 v2.17o AMS math features
\@mathmargin=\skip50

For additional information on amsmath, use the `?' option.
(/usr/local/texlive/2024/texmf-dist/tex/latex/amsmath/amstext.sty
Package: amstext 2021/08/26 v2.01 AMS text
 (/usr/local/texlive/2024/texmf-dist/tex/latex/amsmath/amsgen.sty
File: amsgen.sty 1999/11/30 v2.0 generic functions
\@emptytoks=\toks17
\ex@=\dimen141
)) (/usr/local/texlive/2024/texmf-dist/tex/latex/amsmath/amsbsy.sty
Package: amsbsy 1999/11/29 v1.2d Bold Symbols
\pmbraise@=\dimen142
) (/usr/local/texlive/2024/texmf-dist/tex/latex/amsmath/amsopn.sty
Package: amsopn 2022/04/08 v2.04 operator names
)
\inf@bad=\count196
LaTeX Info: Redefining \frac on input line 234.
\uproot@=\count197
\leftroot@=\count198
LaTeX Info: Redefining \overline on input line 399.
LaTeX Info: Redefining \colon on input line 410.
\classnum@=\count199
\DOTSCASE@=\count266
LaTeX Info: Redefining \ldots on input line 496.
LaTeX Info: Redefining \dots on input line 499.
LaTeX Info: Redefining \cdots on input line 620.
\Mathstrutbox@=\box51
\strutbox@=\box52
LaTeX Info: Redefining \big on input line 722.
LaTeX Info: Redefining \Big on input line 723.
LaTeX Info: Redefining \bigg on input line 724.
LaTeX Info: Redefining \Bigg on input line 725.
\big@size=\dimen143
LaTeX Font Info:    Redeclaring font encoding OML on input line 743.
LaTeX Font Info:    Redeclaring font encoding OMS on input line 744.
\macc@depth=\count267
LaTeX Info: Redefining \bmod on input line 905.
LaTeX Info: Redefining \pmod on input line 910.
LaTeX Info: Redefining \smash on input line 940.
LaTeX Info: Redefining \relbar on input line 970.
LaTeX Info: Redefining \Relbar on input line 971.
\c@MaxMatrixCols=\count268
\dotsspace@=\muskip16
\c@parentequation=\count269
\dspbrk@lvl=\count270
\tag@help=\toks18
\row@=\count271
\column@=\count272
\maxfields@=\count273
\andhelp@=\toks19
\eqnshift@=\dimen144
\alignsep@=\dimen145
\tagshift@=\dimen146
\tagwidth@=\dimen147
\totwidth@=\dimen148
\lineht@=\dimen149
\@envbody=\toks20
\multlinegap=\skip51
\multlinetaggap=\skip52
\mathdisplay@stack=\toks21
LaTeX Info: Redefining \[ on input line 2953.
LaTeX Info: Redefining \] on input line 2954.
) (/usr/local/texlive/2024/texmf-dist/tex/latex/graphics/graphicx.sty
Package: graphicx 2021/09/16 v1.2d Enhanced LaTeX Graphics (DPC,SPQR)
 (/usr/local/texlive/2024/texmf-dist/tex/latex/graphics/keyval.sty
Package: keyval 2022/05/29 v1.15 key=value parser (DPC)
\KV@toks@=\toks22
) (/usr/local/texlive/2024/texmf-dist/tex/latex/graphics/graphics.sty
Package: graphics 2022/03/10 v1.4e Standard LaTeX Graphics (DPC,SPQR)
 (/usr/local/texlive/2024/texmf-dist/tex/latex/graphics/trig.sty
Package: trig 2021/08/11 v1.11 sin cos tan (DPC)
) (/usr/local/texlive/2024/texmf-dist/tex/latex/graphics-cfg/graphics.cfg
File: graphics.cfg 2016/06/04 v1.11 sample graphics configuration
)
Package graphics Info: Driver file: pdftex.def on input line 107.
 (/usr/local/texlive/2024/texmf-dist/tex/latex/graphics-def/pdftex.def
File: pdftex.def 2022/09/22 v1.2b Graphics/color driver for pdftex
))
\Gin@req@height=\dimen150
\Gin@req@width=\dimen151
) (/usr/local/texlive/2024/texmf-dist/tex/latex/geometry/geometry.sty
Package: geometry 2020/01/02 v5.9 Page Geometry
 (/usr/local/texlive/2024/texmf-dist/tex/generic/iftex/ifvtex.sty
Package: ifvtex 2019/10/25 v1.7 ifvtex legacy package. Use iftex instead.
 (/usr/local/texlive/2024/texmf-dist/tex/generic/iftex/iftex.sty
Package: iftex 2022/02/03 v1.0f TeX engine tests
))
\Gm@cnth=\count274
\Gm@cntv=\count275
\c@Gm@tempcnt=\count276
\Gm@bindingoffset=\dimen152
\Gm@wd@mp=\dimen153
\Gm@odd@mp=\dimen154
\Gm@even@mp=\dimen155
\Gm@layoutwidth=\dimen156
\Gm@layoutheight=\dimen157
\Gm@layouthoffset=\dimen158
\Gm@layoutvoffset=\dimen159
\Gm@dimlist=\toks23
) (/usr/local/texlive/2024/texmf-dist/tex/latex/titling/titling.sty
Package: titling 2009/09/04 v2.1d maketitle typesetting
\thanksmarkwidth=\skip53
\thanksmargin=\skip54
\droptitle=\skip55
) (/usr/local/texlive/2024/texmf-dist/tex/latex/tocloft/tocloft.sty
Package: tocloft 2017/08/31 v2.3i parameterised ToC, etc., typesetting
Package tocloft Info: The document has section divisions on input line 51.
\cftparskip=\skip56
\cftbeforetoctitleskip=\skip57
\cftaftertoctitleskip=\skip58
\cftbeforepartskip=\skip59
\cftpartnumwidth=\skip60
\cftpartindent=\skip61
\cftbeforesecskip=\skip62
\cftsecindent=\skip63
\cftsecnumwidth=\skip64
\cftbeforesubsecskip=\skip65
\cftsubsecindent=\skip66
\cftsubsecnumwidth=\skip67
\cftbeforesubsubsecskip=\skip68
\cftsubsubsecindent=\skip69
\cftsubsubsecnumwidth=\skip70
\cftbeforeparaskip=\skip71
\cftparaindent=\skip72
\cftparanumwidth=\skip73
\cftbeforesubparaskip=\skip74
\cftsubparaindent=\skip75
\cftsubparanumwidth=\skip76
\cftbeforeloftitleskip=\skip77
\cftafterloftitleskip=\skip78
\cftbeforefigskip=\skip79
\cftfigindent=\skip80
\cftfignumwidth=\skip81
\c@lofdepth=\count277
\c@lotdepth=\count278
\cftbeforelottitleskip=\skip82
\cftafterlottitleskip=\skip83
\cftbeforetabskip=\skip84
\cfttabindent=\skip85
\cfttabnumwidth=\skip86
) (/usr/local/texlive/2024/texmf-dist/tex/latex/placeins/placeins.sty
Package: placeins 2005/04/18  v 2.2
) (/usr/local/texlive/2024/texmf-dist/tex/latex/ragged2e/ragged2e.sty
Package: ragged2e 2023/06/22 v3.6 ragged2e Package
\CenteringLeftskip=\skip87
\RaggedLeftLeftskip=\skip88
\RaggedRightLeftskip=\skip89
\CenteringRightskip=\skip90
\RaggedLeftRightskip=\skip91
\RaggedRightRightskip=\skip92
\CenteringParfillskip=\skip93
\RaggedLeftParfillskip=\skip94
\RaggedRightParfillskip=\skip95
\JustifyingParfillskip=\skip96
\CenteringParindent=\skip97
\RaggedLeftParindent=\skip98
\RaggedRightParindent=\skip99
\JustifyingParindent=\skip100
) (/usr/local/texlive/2024/texmf-dist/tex/latex/enumitem/enumitem.sty
Package: enumitem 2019/06/20 v3.9 Customized lists
\labelindent=\skip101
\enit@outerparindent=\dimen160
\enit@toks=\toks24
\enit@inbox=\box53
\enit@count@id=\count279
\enitdp@description=\count280
) (/usr/local/texlive/2024/texmf-dist/tex/latex/tools/multicol.sty
Package: multicol 2023/03/30 v1.9f multicolumn formatting (FMi)
\c@tracingmulticols=\count281
\mult@box=\box54
\multicol@leftmargin=\dimen161
\c@unbalance=\count282
\c@collectmore=\count283
\doublecol@number=\count284
\multicoltolerance=\count285
\multicolpretolerance=\count286
\full@width=\dimen162
\page@free=\dimen163
\premulticols=\dimen164
\postmulticols=\dimen165
\multicolsep=\skip102
\multicolbaselineskip=\skip103
\partial@page=\box55
\last@line=\box56
\mc@boxedresult=\box57
\maxbalancingoverflow=\dimen166
\mult@rightbox=\box58
\mult@grightbox=\box59
\mult@firstbox=\box60
\mult@gfirstbox=\box61
\@tempa=\box62
\@tempa=\box63
\@tempa=\box64
\@tempa=\box65
\@tempa=\box66
\@tempa=\box67
\@tempa=\box68
\@tempa=\box69
\@tempa=\box70
\@tempa=\box71
\@tempa=\box72
\@tempa=\box73
\@tempa=\box74
\@tempa=\box75
\@tempa=\box76
\@tempa=\box77
\@tempa=\box78
\@tempa=\box79
\@tempa=\box80
\@tempa=\box81
\@tempa=\box82
\@tempa=\box83
\@tempa=\box84
\@tempa=\box85
\@tempa=\box86
\@tempa=\box87
\@tempa=\box88
\@tempa=\box89
\@tempa=\box90
\@tempa=\box91
\@tempa=\box92
\@tempa=\box93
\@tempa=\box94
\@tempa=\box95
\@tempa=\box96
\@tempa=\box97
\c@minrows=\count287
\c@columnbadness=\count288
\c@finalcolumnbadness=\count289
\last@try=\dimen167
\multicolovershoot=\dimen168
\multicolundershoot=\dimen169
\mult@nat@firstbox=\box98
\colbreak@box=\box99
\mc@col@check@num=\count290
) (/usr/local/texlive/2024/texmf-dist/tex/latex/glossaries/base/glossaries.sty
Package: glossaries 2023/09/29 v4.53 (NLCT)
 (/usr/local/texlive/2024/texmf-dist/tex/latex/base/ifthen.sty
Package: ifthen 2022/04/13 v1.1d Standard LaTeX ifthen package (DPC)
) (/usr/local/texlive/2024/texmf-dist/tex/latex/xkeyval/xkeyval.sty
Package: xkeyval 2022/06/16 v2.9 package option processing (HA)
 (/usr/local/texlive/2024/texmf-dist/tex/generic/xkeyval/xkeyval.tex (/usr/local/texlive/2024/texmf-dist/tex/generic/xkeyval/xkvutils.tex
\XKV@toks=\toks25
\XKV@tempa@toks=\toks26
)
\XKV@depth=\count291
File: xkeyval.tex 2014/12/03 v2.7a key=value parser (HA)
)) (/usr/local/texlive/2024/texmf-dist/tex/latex/mfirstuc/mfirstuc.sty
Package: mfirstuc 2022/10/14 v2.08 (NLCT)
 (/usr/local/texlive/2024/texmf-dist/tex/latex/etoolbox/etoolbox.sty
Package: etoolbox 2020/10/05 v2.5k e-TeX tools for LaTeX (JAW)
\etb@tempcnta=\count292
)
\@glsmfirst=\toks27
\@glsmrest=\toks28
) (/usr/local/texlive/2024/texmf-dist/tex/latex/xfor/xfor.sty
Package: xfor 2009/02/05 v1.05 (NLCT)
) (/usr/local/texlive/2024/texmf-dist/tex/latex/datatool/datatool-base.sty
Package: datatool-base 2019/09/27 v2.32 (NLCT)
 (/usr/local/texlive/2024/texmf-dist/tex/latex/substr/substr.sty
Package: substr 2009/10/20 v1.2 Handle substrings
\c@su@anzahl=\count293
) (/usr/local/texlive/2024/texmf-dist/tex/latex/datatool/datatool-fp.sty
Package: datatool-fp 2019/09/27 v2.32 (NLCT)
 (/usr/local/texlive/2024/texmf-dist/tex/latex/fp/fp.sty
Package: fp 1995/04/02
 `Fixed Point Package', Version 0.8, April 2, 1995 (C) Michael Mehlich (/usr/local/texlive/2024/texmf-dist/tex/latex/fp/defpattern.sty
Package: defpattern 1994/10/12
\actioncount=\count294
) (/usr/local/texlive/2024/texmf-dist/tex/latex/fp/fp-basic.sty
Package: fp-basic 1996/05/13
\FP@xs=\count295
\FP@xia=\count296
\FP@xib=\count297
\FP@xfa=\count298
\FP@xfb=\count299
\FP@rega=\count300
\FP@regb=\count301
\FP@regs=\count302
\FP@times=\count303
) (/usr/local/texlive/2024/texmf-dist/tex/latex/fp/fp-addons.sty
Package: fp-addons 1995/03/15
) (/usr/local/texlive/2024/texmf-dist/tex/latex/fp/fp-snap.sty
Package: fp-snap 1995/04/05
) (/usr/local/texlive/2024/texmf-dist/tex/latex/fp/fp-exp.sty
Package: fp-exp 1995/04/03
) (/usr/local/texlive/2024/texmf-dist/tex/latex/fp/fp-trigo.sty
Package: fp-trigo 1995/04/14
) (/usr/local/texlive/2024/texmf-dist/tex/latex/fp/fp-pas.sty
Package: fp-pas 1994/08/29
) (/usr/local/texlive/2024/texmf-dist/tex/latex/fp/fp-random.sty
Package: fp-random 1995/02/23
\FPseed=\count304
) (/usr/local/texlive/2024/texmf-dist/tex/latex/fp/fp-eqn.sty
Package: fp-eqn 1995/04/03
) (/usr/local/texlive/2024/texmf-dist/tex/latex/fp/fp-upn.sty
Package: fp-upn 1996/10/21
) (/usr/local/texlive/2024/texmf-dist/tex/latex/fp/fp-eval.sty
Package: fp-eval 1995/04/03
)))
\@dtl@toks=\toks29
\@dtl@tmpcount=\count305
\dtl@tmplength=\skip104
\dtl@sortresult=\count306
\@dtl@numgrpsepcount=\count307
\@dtl@datatype=\count308
\dtl@codeA=\count309
\dtl@codeB=\count310
\@dtl@foreach@level=\count311
)
\gls@level=\count312
\@gls@tmpb=\toks30
\gls@tmplen=\skip105
\glskeylisttok=\toks31
\glslabeltok=\toks32
\glsshorttok=\toks33
\glslongtok=\toks34
 (/usr/local/texlive/2024/texmf-dist/tex/latex/glossaries/styles/glossary-hypernav.sty
Package: glossary-hypernav 2023/09/29 v4.53 (NLCT)
) (/usr/local/texlive/2024/texmf-dist/tex/latex/glossaries/styles/glossary-list.sty
Package: glossary-list 2023/09/29 v4.53 (NLCT)
\glslistdottedwidth=\skip106
) (/usr/local/texlive/2024/texmf-dist/tex/latex/glossaries/styles/glossary-long.sty
Package: glossary-long 2023/09/29 v4.53 (NLCT)
 (/usr/local/texlive/2024/texmf-dist/tex/latex/tools/longtable.sty
Package: longtable 2023-11-01 v4.19 Multi-page Table package (DPC)
\LTleft=\skip107
\LTright=\skip108
\LTpre=\skip109
\LTpost=\skip110
\LTchunksize=\count313
\LTcapwidth=\dimen170
\LT@head=\box100
\LT@firsthead=\box101
\LT@foot=\box102
\LT@lastfoot=\box103
\LT@gbox=\box104
\LT@cols=\count314
\LT@rows=\count315
\c@LT@tables=\count316
\c@LT@chunks=\count317
\LT@p@ftn=\toks35
)
\glsdescwidth=\skip111
\glspagelistwidth=\skip112
) (/usr/local/texlive/2024/texmf-dist/tex/latex/glossaries/styles/glossary-super.sty
Package: glossary-super 2023/09/29 v4.53 (NLCT)
 (/usr/local/texlive/2024/texmf-dist/tex/latex/supertabular/supertabular.sty
Package: supertabular 2020/02/02 v4.1g the supertabular environment
\c@tracingst=\count318
\ST@wd=\dimen171
\ST@rightskip=\skip113
\ST@leftskip=\skip114
\ST@parfillskip=\skip115
\ST@pageleft=\dimen172
\ST@headht=\dimen173
\ST@tailht=\dimen174
\ST@pagesofar=\dimen175
\ST@pboxht=\dimen176
\ST@lineht=\dimen177
\ST@prevht=\dimen178
\ST@toadd=\dimen179
\ST@dimen=\dimen180
\ST@pbox=\box105
)) (/usr/local/texlive/2024/texmf-dist/tex/latex/glossaries/styles/glossary-tree.sty
Package: glossary-tree 2023/09/29 v4.53 (NLCT)
\glstreeindent=\skip116
)) (/usr/local/texlive/2024/texmf-dist/tex/latex/microtype/microtype.sty
Package: microtype 2023/03/13 v3.1a Micro-typographical refinements (RS)
\MT@toks=\toks36
\MT@tempbox=\box106
\MT@count=\count319
LaTeX Info: Redefining \noprotrusionifhmode on input line 1059.
LaTeX Info: Redefining \leftprotrusion on input line 1060.
\MT@prot@toks=\toks37
LaTeX Info: Redefining \rightprotrusion on input line 1078.
LaTeX Info: Redefining \textls on input line 1368.
\MT@outer@kern=\dimen181
LaTeX Info: Redefining \textmicrotypecontext on input line 1988.
\MT@listname@count=\count320
 (/usr/local/texlive/2024/texmf-dist/tex/latex/microtype/microtype-pdftex.def
File: microtype-pdftex.def 2023/03/13 v3.1a Definitions specific to pdftex (RS)
LaTeX Info: Redefining \lsstyle on input line 902.
LaTeX Info: Redefining \lslig on input line 902.
\MT@outer@space=\skip117
)
Package microtype Info: Loading configuration file microtype.cfg.
 (/usr/local/texlive/2024/texmf-dist/tex/latex/microtype/microtype.cfg
File: microtype.cfg 2023/03/13 v3.1a microtype main configuration file (RS)
)) (/usr/local/texlive/2024/texmf-dist/tex/latex/chngcntr/chngcntr.sty
Package: chngcntr 2018/04/09 v1.1a change counter resetting
Package chngcntr Info: \counterwithout already defined.
(chngcntr)             Quitting chngcntr on input line 21.
) (/usr/local/texlive/2024/texmf-dist/tex/latex/booktabs/booktabs.sty
Package: booktabs 2020/01/12 v1.61803398 Publication quality tables
\heavyrulewidth=\dimen182
\lightrulewidth=\dimen183
\cmidrulewidth=\dimen184
\belowrulesep=\dimen185
\belowbottomsep=\dimen186
\aboverulesep=\dimen187
\abovetopsep=\dimen188
\cmidrulesep=\dimen189
\cmidrulekern=\dimen190
\defaultaddspace=\dimen191
\@cmidla=\count321
\@cmidlb=\count322
\@aboverulesep=\dimen192
\@belowrulesep=\dimen193
\@thisruleclass=\count323
\@lastruleclass=\count324
\@thisrulewidth=\dimen194
) (/usr/local/texlive/2024/texmf-dist/tex/latex/caption/caption.sty
Package: caption 2023/08/05 v3.6o Customizing captions (AR)
 (/usr/local/texlive/2024/texmf-dist/tex/latex/caption/caption3.sty
Package: caption3 2023/07/31 v2.4d caption3 kernel (AR)
\caption@tempdima=\dimen195
\captionmargin=\dimen196
\caption@leftmargin=\dimen197
\caption@rightmargin=\dimen198
\caption@width=\dimen199
\caption@indent=\dimen256
\caption@parindent=\dimen257
\caption@hangindent=\dimen258
Package caption Info: Standard document class detected.
)
\c@caption@flags=\count325
\c@continuedfloat=\count326
Package caption Info: longtable package is loaded.
 (/usr/local/texlive/2024/texmf-dist/tex/latex/caption/ltcaption.sty
Package: ltcaption 2021/01/08 v1.4c longtable captions (AR)
)
Package caption Info: supertabular package is loaded.
) (/usr/local/texlive/2024/texmf-dist/tex/latex/l3backend/l3backend-pdftex.def
File: l3backend-pdftex.def 2024-02-20 L3 backend support: PDF output (pdfTeX)
\l__color_backend_stack_int=\count327
\l__pdf_internal_box=\box107
)
No file main.aux.
\openout1 = `main.aux'.

LaTeX Font Info:    Checking defaults for OML/cmm/m/it on input line 23.
LaTeX Font Info:    ... okay on input line 23.
LaTeX Font Info:    Checking defaults for OMS/cmsy/m/n on input line 23.
LaTeX Font Info:    ... okay on input line 23.
LaTeX Font Info:    Checking defaults for OT1/cmr/m/n on input line 23.
LaTeX Font Info:    ... okay on input line 23.
LaTeX Font Info:    Checking defaults for T1/cmr/m/n on input line 23.
LaTeX Font Info:    ... okay on input line 23.
LaTeX Font Info:    Checking defaults for TS1/cmr/m/n on input line 23.
LaTeX Font Info:    ... okay on input line 23.
LaTeX Font Info:    Checking defaults for OMX/cmex/m/n on input line 23.
LaTeX Font Info:    ... okay on input line 23.
LaTeX Font Info:    Checking defaults for U/cmr/m/n on input line 23.
LaTeX Font Info:    ... okay on input line 23.
(/usr/local/texlive/2024/texmf-dist/tex/context/base/mkii/supp-pdf.mkii
[Loading MPS to PDF converter (version 2006.09.02).]
\scratchcounter=\count328
\scratchdimen=\dimen259
\scratchbox=\box108
\nofMPsegments=\count329
\nofMParguments=\count330
\everyMPshowfont=\toks38
\MPscratchCnt=\count331
\MPscratchDim=\dimen260
\MPnumerator=\count332
\makeMPintoPDFobject=\count333
\everyMPtoPDFconversion=\toks39
) (/usr/local/texlive/2024/texmf-dist/tex/latex/epstopdf-pkg/epstopdf-base.sty
Package: epstopdf-base 2020-01-24 v2.11 Base part for package epstopdf
Package epstopdf-base Info: Redefining graphics rule for `.eps' on input line 485.
 (/usr/local/texlive/2024/texmf-dist/tex/latex/latexconfig/epstopdf-sys.cfg
File: epstopdf-sys.cfg 2010/07/13 v1.3 Configuration of (r)epstopdf for TeX Live
))
*geometry* driver: auto-detecting
*geometry* detected driver: pdftex
*geometry* verbose mode - [ preamble ] result:
* driver: pdftex
* paper: <default>
* layout: <same size as paper>
* layoutoffset:(h,v)=(0.0pt,0.0pt)
* modes: 
* h-part:(L,W,R)=(28.45274pt, 557.38951pt, 28.45274pt)
* v-part:(T,H,B)=(28.45274pt, 709.61174pt, 56.9055pt)
* \paperwidth=614.295pt
* \paperheight=794.96999pt
* \textwidth=557.38951pt
* \textheight=709.61174pt
* \oddsidemargin=-43.81725pt
* \evensidemargin=-43.81725pt
* \topmargin=-80.81725pt
* \headheight=12.0pt
* \headsep=25.0pt
* \topskip=10.0pt
* \footskip=30.0pt
* \marginparwidth=65.0pt
* \marginparsep=11.0pt
* \columnsep=10.0pt
* \skip\footins=9.0pt plus 4.0pt minus 2.0pt
* \hoffset=0.0pt
* \voffset=0.0pt
* \mag=1000
* \@twocolumnfalse
* \@twosidefalse
* \@mparswitchfalse
* \@reversemarginfalse
* (1in=72.27pt=25.4mm, 1cm=28.453pt)

(./main.glsdefs)
LaTeX Info: Redefining \microtypecontext on input line 23.
Package microtype Info: Applying patch `item' on input line 23.
Package microtype Info: Applying patch `toc' on input line 23.
Package microtype Info: Applying patch `eqnum' on input line 23.
Package microtype Info: Applying patch `footnote' on input line 23.
Package microtype Info: Applying patch `verbatim' on input line 23.
Package microtype Info: Generating PDF output.
Package microtype Info: Character protrusion enabled (level 2).
Package microtype Info: Using default protrusion set `alltext'.
Package microtype Info: Automatic font expansion enabled (level 2),
(microtype)             stretch: 20, shrink: 20, step: 1, non-selected.
Package microtype Info: Using default expansion set `alltext-nott'.
LaTeX Info: Redefining \showhyphens on input line 23.
Package microtype Info: No adjustment of tracking.
Package microtype Info: No adjustment of interword spacing.
Package microtype Info: No adjustment of character kerning.
 (/usr/local/texlive/2024/texmf-dist/tex/latex/microtype/mt-cmr.cfg
File: mt-cmr.cfg 2013/05/19 v2.2 microtype config. file: Computer Modern Roman (RS)
)
Package caption Info: Begin \AtBeginDocument code.
Package caption Info: End \AtBeginDocument code.
 (./cover/cover.tex
<cover/lpu.png, id=1, 2487.2925pt x 872.25874pt>
File: cover/lpu.png Graphic file (type png)
<use cover/lpu.png>
Package pdftex.def Info: cover/lpu.png  used on input line 24.
(pdftex.def)             Requested size: 167.21855pt x 58.6287pt.
 [1

{/usr/local/texlive/2024/texmf-var/fonts/map/pdftex/updmap/pdftex.map} <./cover/lpu.png>]) (./declaration.tex
<assets/sign.jpg, id=15, 1133.23375pt x 820.06375pt>
File: assets/sign.jpg Graphic file (type jpg)
<use assets/sign.jpg>
Package pdftex.def Info: assets/sign.jpg  used on input line 24.
(pdftex.def)             Requested size: 167.21855pt x 121.00215pt.
 [1 <./assets/sign.jpg>])
No file main.toc.
\tf@toc=\write3
\openout3 = `main.toc'.

[1] (./certificate.tex
<assets/certificate.png, id=23, 845.0772pt x 597.6729pt>
File: assets/certificate.png Graphic file (type png)
<use assets/certificate.png>
Package pdftex.def Info: assets/certificate.png  used on input line 4.
(pdftex.def)             Requested size: 445.9133pt x 315.3698pt.
) [2 <./assets/certificate.png>] (./chapters/chapters.tex (./chapters/acknowledgment.tex

LaTeX Font Warning: Font shape `OT1/cmr/m/scit' undefined
(Font)              using `OT1/cmr/m/sc' instead on input line 14.

) [3] (./chapters/abbreviation.tex

./chapters/abbreviation.tex:3: Package glossaries Error: Glossary entries must be defined in the preamble
when you use \makenoidxglossaries.

See the glossaries package documentation for explanation.
Type  H <return>  for immediate help.
 ...                                              
                                                  
l.3 \newacronym{AI}{AI}{Artificial Intelligence}
                                                
Either move your definitions to the preamble or use \makeglossaries


./chapters/abbreviation.tex:4: Package glossaries Error: Glossary entries must be defined in the preamble
when you use \makenoidxglossaries.

See the glossaries package documentation for explanation.
Type  H <return>  for immediate help.
 ...                                              
                                                  
l.4 ...PI}{API}{Application Programming Interface}
                                                  
Either move your definitions to the preamble or use \makeglossaries


./chapters/abbreviation.tex:5: Package glossaries Error: Glossary entries must be defined in the preamble
when you use \makenoidxglossaries.

See the glossaries package documentation for explanation.
Type  H <return>  for immediate help.
 ...                                              
                                                  
l.5 ...}{Computer-Assisted Pronunciation Training}
                                                  
Either move your definitions to the preamble or use \makeglossaries


./chapters/abbreviation.tex:6: Package glossaries Error: Glossary entries must be defined in the preamble
when you use \makenoidxglossaries.

See the glossaries package documentation for explanation.
Type  H <return>  for immediate help.
 ...                                              
                                                  
l.6 ...CGPA}{CGPA}{Cumulative Grade Point Average}
                                                  
Either move your definitions to the preamble or use \makeglossaries


./chapters/abbreviation.tex:7: Package glossaries Error: Glossary entries must be defined in the preamble
when you use \makenoidxglossaries.

See the glossaries package documentation for explanation.
Type  H <return>  for immediate help.
 ...                                              
                                                  
l.7 \newacronym{HR}{HR}{Human Resources}
                                        
Either move your definitions to the preamble or use \makeglossaries


./chapters/abbreviation.tex:8: Package glossaries Error: Glossary entries must be defined in the preamble
when you use \makenoidxglossaries.

See the glossaries package documentation for explanation.
Type  H <return>  for immediate help.
 ...                                              
                                                  
l.8 \newacronym{IT}{IT}{Information Technology}
                                               
Either move your definitions to the preamble or use \makeglossaries


./chapters/abbreviation.tex:9: Package glossaries Error: Glossary entries must be defined in the preamble
when you use \makenoidxglossaries.

See the glossaries package documentation for explanation.
Type  H <return>  for immediate help.
 ...                                              
                                                  
l.9 \newacronym{JWT}{JWT}{JSON Web Token}
                                         
Either move your definitions to the preamble or use \makeglossaries


./chapters/abbreviation.tex:10: Package glossaries Error: Glossary entries must be defined in the preamble
when you use \makenoidxglossaries.

See the glossaries package documentation for explanation.
Type  H <return>  for immediate help.
 ...                                              
                                                  
l.10 ...MERN}{MongoDB, Express.js, React, Node.js}
                                                  
Either move your definitions to the preamble or use \makeglossaries


./chapters/abbreviation.tex:11: Package glossaries Error: Glossary entries must be defined in the preamble
when you use \makenoidxglossaries.

See the glossaries package documentation for explanation.
Type  H <return>  for immediate help.
 ...                                              
                                                  
l.11 ...RPO}{RPO}{Recruitment Process Outsourcing}
                                                  
Either move your definitions to the preamble or use \makeglossaries


./chapters/abbreviation.tex:12: Package glossaries Error: Glossary entries must be defined in the preamble
when you use \makenoidxglossaries.

See the glossaries package documentation for explanation.
Type  H <return>  for immediate help.
 ...                                              
                                                  
l.12 ...cronym{SDK}{SDK}{Software Development Kit}
                                                  
Either move your definitions to the preamble or use \makeglossaries


./chapters/abbreviation.tex:13: Package glossaries Error: Glossary entries must be defined in the preamble
when you use \makenoidxglossaries.

See the glossaries package documentation for explanation.
Type  H <return>  for immediate help.
 ...                                              
                                                  
l.13 ...acronym{SaaS}{SaaS}{Software as a Service}
                                                  
Either move your definitions to the preamble or use \makeglossaries


./chapters/abbreviation.tex:14: Package glossaries Error: Glossary entries must be defined in the preamble
when you use \makenoidxglossaries.

See the glossaries package documentation for explanation.
Type  H <return>  for immediate help.
 ...                                              
                                                  
l.14 \newacronym{UI}{UI}{User Interface}
                                        
Either move your definitions to the preamble or use \makeglossaries


./chapters/abbreviation.tex:15: Package glossaries Error: Glossary entries must be defined in the preamble
when you use \makenoidxglossaries.

See the glossaries package documentation for explanation.
Type  H <return>  for immediate help.
 ...                                              
                                                  
l.15 \newacronym{UX}{UX}{User Experience}
                                         
Either move your definitions to the preamble or use \makeglossaries


./chapters/abbreviation.tex:16: Package glossaries Error: Glossary entries must be defined in the preamble
when you use \makenoidxglossaries.

See the glossaries package documentation for explanation.
Type  H <return>  for immediate help.
 ...                                              
                                                  
l.16 ...onym{SEO}{SEO}{Search Engine Optimization}
                                                  
Either move your definitions to the preamble or use \makeglossaries


./chapters/abbreviation.tex:17: Package glossaries Error: Glossary entries must be defined in the preamble
when you use \makenoidxglossaries.

See the glossaries package documentation for explanation.
Type  H <return>  for immediate help.
 ...                                              
                                                  
l.17 ...ronym{KPI}{KPI}{Key Performance Indicator}
                                                  
Either move your definitions to the preamble or use \makeglossaries


./chapters/abbreviation.tex:18: Package glossaries Error: Glossary entries must be defined in the preamble
when you use \makenoidxglossaries.

See the glossaries package documentation for explanation.
Type  H <return>  for immediate help.
 ...                                              
                                                  
l.18 ...RM}{CRM}{Customer Relationship Management}
                                                  
Either move your definitions to the preamble or use \makeglossaries


./chapters/abbreviation.tex:19: Package glossaries Error: Glossary entries must be defined in the preamble
when you use \makenoidxglossaries.

See the glossaries package documentation for explanation.
Type  H <return>  for immediate help.
 ...                                              
                                                  
l.19 ...acronym{TDD}{TDD}{Test-Driven Development}
                                                  
Either move your definitions to the preamble or use \makeglossaries


./chapters/abbreviation.tex:20: Package glossaries Error: Glossary entries must be defined in the preamble
when you use \makenoidxglossaries.

See the glossaries package documentation for explanation.
Type  H <return>  for immediate help.
 ...                                              
                                                  
l.20 ...nym{BDD}{BDD}{Behavior-Driven Development}
                                                  
Either move your definitions to the preamble or use \makeglossaries


./chapters/abbreviation.tex:21: Package glossaries Error: Glossary entries must be defined in the preamble
when you use \makenoidxglossaries.

See the glossaries package documentation for explanation.
Type  H <return>  for immediate help.
 ...                                              
                                                  
l.21 \newacronym{CI}{CI}{Continuous Integration}
                                                
Either move your definitions to the preamble or use \makeglossaries


./chapters/abbreviation.tex:22: Package glossaries Error: Glossary entries must be defined in the preamble
when you use \makenoidxglossaries.

See the glossaries package documentation for explanation.
Type  H <return>  for immediate help.
 ...                                              
                                                  
l.22 \newacronym{CD}{CD}{Continuous Deployment}
                                               
Either move your definitions to the preamble or use \makeglossaries


./chapters/abbreviation.tex:23: Package glossaries Error: Glossary entries must be defined in the preamble
when you use \makenoidxglossaries.

See the glossaries package documentation for explanation.
Type  H <return>  for immediate help.
 ...                                              
                                                  
l.23 \newacronym{MVC}{MVC}{Model-View-Controller}
                                                 
Either move your definitions to the preamble or use \makeglossaries


./chapters/abbreviation.tex:24: Package glossaries Error: Glossary entries must be defined in the preamble
when you use \makenoidxglossaries.

See the glossaries package documentation for explanation.
Type  H <return>  for immediate help.
 ...                                              
                                                  
l.24 ...ronym{ORM}{ORM}{Object-Relational Mapping}
                                                  
Either move your definitions to the preamble or use \makeglossaries


./chapters/abbreviation.tex:25: Package glossaries Error: Glossary entries must be defined in the preamble
when you use \makenoidxglossaries.

See the glossaries package documentation for explanation.
Type  H <return>  for immediate help.
 ...                                              
                                                  
l.25 ...m{HTTP}{HTTP}{HyperText Transfer Protocol}
                                                  
Either move your definitions to the preamble or use \makeglossaries


./chapters/abbreviation.tex:26: Package glossaries Error: Glossary entries must be defined in the preamble
when you use \makenoidxglossaries.

See the glossaries package documentation for explanation.
Type  H <return>  for immediate help.
 ...                                              
                                                  
l.26 ...HTTPS}{HyperText Transfer Protocol Secure}
                                                  
Either move your definitions to the preamble or use \makeglossaries


./chapters/abbreviation.tex:27: Package glossaries Error: Glossary entries must be defined in the preamble
when you use \makenoidxglossaries.

See the glossaries package documentation for explanation.
Type  H <return>  for immediate help.
 ...                                              
                                                  
l.27 \newacronym{DNS}{DNS}{Domain Name System}
                                              
Either move your definitions to the preamble or use \makeglossaries


./chapters/abbreviation.tex:28: Package glossaries Error: Glossary entries must be defined in the preamble
when you use \makenoidxglossaries.

See the glossaries package documentation for explanation.
Type  H <return>  for immediate help.
 ...                                              
                                                  
l.28 \newacronym{IP}{IP}{Internet Protocol}
                                           
Either move your definitions to the preamble or use \makeglossaries


./chapters/abbreviation.tex:29: Package glossaries Error: Glossary entries must be defined in the preamble
when you use \makenoidxglossaries.

See the glossaries package documentation for explanation.
Type  H <return>  for immediate help.
 ...                                              
                                                  
l.29 ...m{TCP}{TCP}{Transmission Control Protocol}
                                                  
Either move your definitions to the preamble or use \makeglossaries


./chapters/abbreviation.tex:30: Package glossaries Error: Glossary entries must be defined in the preamble
when you use \makenoidxglossaries.

See the glossaries package documentation for explanation.
Type  H <return>  for immediate help.
 ...                                              
                                                  
l.30 \newacronym{UDP}{UDP}{User Datagram Protocol}
                                                  
Either move your definitions to the preamble or use \makeglossaries


./chapters/abbreviation.tex:31: Package glossaries Error: Glossary entries must be defined in the preamble
when you use \makenoidxglossaries.

See the glossaries package documentation for explanation.
Type  H <return>  for immediate help.
 ...                                              
                                                  
l.31 \newacronym{FTP}{FTP}{File Transfer Protocol}
                                                  
Either move your definitions to the preamble or use \makeglossaries


./chapters/abbreviation.tex:32: Package glossaries Error: Glossary entries must be defined in the preamble
when you use \makenoidxglossaries.

See the glossaries package documentation for explanation.
Type  H <return>  for immediate help.
 ...                                              
                                                  
l.32 \newacronym{SSH}{SSH}{Secure Shell}
                                        
Either move your definitions to the preamble or use \makeglossaries


./chapters/abbreviation.tex:33: Package glossaries Error: Glossary entries must be defined in the preamble
when you use \makenoidxglossaries.

See the glossaries package documentation for explanation.
Type  H <return>  for immediate help.
 ...                                              
                                                  
l.33 ...ym{JSON}{JSON}{JavaScript Object Notation}
                                                  
Either move your definitions to the preamble or use \makeglossaries


./chapters/abbreviation.tex:34: Package glossaries Error: Glossary entries must be defined in the preamble
when you use \makenoidxglossaries.

See the glossaries package documentation for explanation.
Type  H <return>  for immediate help.
 ...                                              
                                                  
l.34 ...onym{XML}{XML}{eXtensible Markup Language}
                                                  
Either move your definitions to the preamble or use \makeglossaries


./chapters/abbreviation.tex:35: Package glossaries Error: Glossary entries must be defined in the preamble
when you use \makenoidxglossaries.

See the glossaries package documentation for explanation.
Type  H <return>  for immediate help.
 ...                                              
                                                  
l.35 \newacronym{CSS}{CSS}{Cascading Style Sheets}
                                                  
Either move your definitions to the preamble or use \makeglossaries


./chapters/abbreviation.tex:36: Package glossaries Error: Glossary entries must be defined in the preamble
when you use \makenoidxglossaries.

See the glossaries package documentation for explanation.
Type  H <return>  for immediate help.
 ...                                              
                                                  
l.36 ...nym{HTML}{HTML}{HyperText Markup Language}
                                                  
Either move your definitions to the preamble or use \makeglossaries


./chapters/abbreviation.tex:37: Package glossaries Error: Glossary entries must be defined in the preamble
when you use \makenoidxglossaries.

See the glossaries package documentation for explanation.
Type  H <return>  for immediate help.
 ...                                              
                                                  
l.37 ...ronym{SQL}{SQL}{Structured Query Language}
                                                  
Either move your definitions to the preamble or use \makeglossaries


./chapters/abbreviation.tex:38: Package glossaries Error: Glossary entries must be defined in the preamble
when you use \makenoidxglossaries.

See the glossaries package documentation for explanation.
Type  H <return>  for immediate help.
 ...                                              
                                                  
l.38 \newacronym{NoSQL}{NoSQL}{Not Only SQL}
                                            
Either move your definitions to the preamble or use \makeglossaries


./chapters/abbreviation.tex:39: Package glossaries Error: Glossary entries must be defined in the preamble
when you use \makenoidxglossaries.

See the glossaries package documentation for explanation.
Type  H <return>  for immediate help.
 ...                                              
                                                  
l.39 ...{CRUD}{CRUD}{Create, Read, Update, Delete}
                                                  
Either move your definitions to the preamble or use \makeglossaries


./chapters/abbreviation.tex:40: Package glossaries Error: Glossary entries must be defined in the preamble
when you use \makenoidxglossaries.

See the glossaries package documentation for explanation.
Type  H <return>  for immediate help.
 ...                                              
                                                  
l.40 ...ST}{REST}{Representational State Transfer}
                                                  
Either move your definitions to the preamble or use \makeglossaries


./chapters/abbreviation.tex:41: Package glossaries Error: Glossary entries must be defined in the preamble
when you use \makenoidxglossaries.

See the glossaries package documentation for explanation.
Type  H <return>  for immediate help.
 ...                                              
                                                  
l.41 ...SOAP}{SOAP}{Simple Object Access Protocol}
                                                  
Either move your definitions to the preamble or use \makeglossaries


./chapters/abbreviation.tex:42: Package glossaries Error: Glossary entries must be defined in the preamble
when you use \makenoidxglossaries.

See the glossaries package documentation for explanation.
Type  H <return>  for immediate help.
 ...                                              
                                                  
l.42 \newacronym{IoT}{IoT}{Internet of Things}
                                              
Either move your definitions to the preamble or use \makeglossaries


./chapters/abbreviation.tex:43: Package glossaries Error: Glossary entries must be defined in the preamble
when you use \makenoidxglossaries.

See the glossaries package documentation for explanation.
Type  H <return>  for immediate help.
 ...                                              
                                                  
l.43 \newacronym{ML}{ML}{Machine Learning}
                                          
Either move your definitions to the preamble or use \makeglossaries


./chapters/abbreviation.tex:44: Package glossaries Error: Glossary entries must be defined in the preamble
when you use \makenoidxglossaries.

See the glossaries package documentation for explanation.
Type  H <return>  for immediate help.
 ...                                              
                                                  
l.44 \newacronym{DL}{DL}{Deep Learning}
                                       
Either move your definitions to the preamble or use \makeglossaries


./chapters/abbreviation.tex:45: Package glossaries Error: Glossary entries must be defined in the preamble
when you use \makenoidxglossaries.

See the glossaries package documentation for explanation.
Type  H <return>  for immediate help.
 ...                                              
                                                  
l.45 ...nym{NLP}{NLP}{Natural Language Processing}
                                                  
Either move your definitions to the preamble or use \makeglossaries


./chapters/abbreviation.tex:46: Package glossaries Error: Glossary entries must be defined in the preamble
when you use \makenoidxglossaries.

See the glossaries package documentation for explanation.
Type  H <return>  for immediate help.
 ...                                              
                                                  
l.46 ...cronym{GPU}{GPU}{Graphics Processing Unit}
                                                  
Either move your definitions to the preamble or use \makeglossaries


./chapters/abbreviation.tex:47: Package glossaries Error: Glossary entries must be defined in the preamble
when you use \makenoidxglossaries.

See the glossaries package documentation for explanation.
Type  H <return>  for immediate help.
 ...                                              
                                                  
l.47 ...acronym{CPU}{CPU}{Central Processing Unit}
                                                  
Either move your definitions to the preamble or use \makeglossaries


./chapters/abbreviation.tex:48: Package glossaries Error: Glossary entries must be defined in the preamble
when you use \makenoidxglossaries.

See the glossaries package documentation for explanation.
Type  H <return>  for immediate help.
 ...                                              
                                                  
l.48 \newacronym{RAM}{RAM}{Random Access Memory}
                                                
Either move your definitions to the preamble or use \makeglossaries


./chapters/abbreviation.tex:49: Package glossaries Error: Glossary entries must be defined in the preamble
when you use \makenoidxglossaries.

See the glossaries package documentation for explanation.
Type  H <return>  for immediate help.
 ...                                              
                                                  
l.49 \newacronym{SSD}{SSD}{Solid-State Drive}
                                             
Either move your definitions to the preamble or use \makeglossaries


./chapters/abbreviation.tex:50: Package glossaries Error: Glossary entries must be defined in the preamble
when you use \makenoidxglossaries.

See the glossaries package documentation for explanation.
Type  H <return>  for immediate help.
 ...                                              
                                                  
l.50 \newacronym{BI}{BI}{Business Intelligence}
                                               
Either move your definitions to the preamble or use \makeglossaries


./chapters/abbreviation.tex:51: Package glossaries Error: Glossary entries must be defined in the preamble
when you use \makenoidxglossaries.

See the glossaries package documentation for explanation.
Type  H <return>  for immediate help.
 ...                                              
                                                  
l.51 ...cronym{ETL}{ETL}{Extract, Transform, Load}
                                                  
Either move your definitions to the preamble or use \makeglossaries


./chapters/abbreviation.tex:52: Package glossaries Error: Glossary entries must be defined in the preamble
when you use \makenoidxglossaries.

See the glossaries package documentation for explanation.
Type  H <return>  for immediate help.
 ...                                              
                                                  
l.52 ...nym{OOP}{OOP}{Object-Oriented Programming}
                                                  
Either move your definitions to the preamble or use \makeglossaries


./chapters/abbreviation.tex:53: Package glossaries Error: Glossary entries must be defined in the preamble
when you use \makenoidxglossaries.

See the glossaries package documentation for explanation.
Type  H <return>  for immediate help.
 ...                                              
                                                  
l.53 \newacronym{MVP}{MVP}{Minimum Viable Product}
                                                  
Either move your definitions to the preamble or use \makeglossaries


./chapters/abbreviation.tex:54: Package glossaries Error: Glossary entries must be defined in the preamble
when you use \makenoidxglossaries.

See the glossaries package documentation for explanation.
Type  H <return>  for immediate help.
 ...                                              
                                                  
l.54 ...JSON-like documents with optional schemas}
                                                  
Either move your definitions to the preamble or use \makeglossaries


./chapters/abbreviation.tex:55: Package glossaries Error: Glossary entries must be defined in the preamble
when you use \makenoidxglossaries.

See the glossaries package documentation for explanation.
Type  H <return>  for immediate help.
 ...                                              
                                                  
l.55 ...ed for building web applications and APIs}
                                                  
Either move your definitions to the preamble or use \makeglossaries


./chapters/abbreviation.tex:56: Package glossaries Error: Glossary entries must be defined in the preamble
when you use \makenoidxglossaries.

See the glossaries package documentation for explanation.
Type  H <return>  for immediate help.
 ...                                              
                                                  
l.56 ...ty of individual developers and companies}
                                                  
Either move your definitions to the preamble or use \makeglossaries


./chapters/abbreviation.tex:57: Package glossaries Error: Glossary entries must be defined in the preamble
when you use \makenoidxglossaries.

See the glossaries package documentation for explanation.
Type  H <return>  for immediate help.
 ...                                              
                                                  
l.57 ...ed to build scalable network applications}
                                                  
Either move your definitions to the preamble or use \makeglossaries


./chapters/abbreviation.tex:59: Package glossaries Error: Glossary entries must be defined in the preamble
when you use \makenoidxglossaries.

See the glossaries package documentation for explanation.
Type  H <return>  for immediate help.
 ...                                              
                                                  
l.59 ...age, data analytics, and machine learning}
                                                  
Either move your definitions to the preamble or use \makeglossaries


./chapters/abbreviation.tex:64: Package glossaries Error: Glossary entries must be defined in the preamble
when you use \makenoidxglossaries.

See the glossaries package documentation for explanation.
Type  H <return>  for immediate help.
 ...                                              
                                                  
l.64 ...en-based authentication and authorization}
                                                  
Either move your definitions to the preamble or use \makeglossaries


./chapters/abbreviation.tex:65: Package glossaries Error: Glossary entries must be defined in the preamble
when you use \makenoidxglossaries.

See the glossaries package documentation for explanation.
Type  H <return>  for immediate help.
 ...                                              
                                                  
l.65 ...development (Dev) and IT operations (Ops)}
                                                  
Either move your definitions to the preamble or use \makeglossaries


./chapters/abbreviation.tex:66: Package glossaries Error: Glossary entries must be defined in the preamble
when you use \makenoidxglossaries.

See the glossaries package documentation for explanation.
Type  H <return>  for immediate help.
 ...                                              
                                                  
l.66 ... in EU law on data protection and privacy}
                                                  
Either move your definitions to the preamble or use \makeglossaries


./chapters/abbreviation.tex:67: Package glossaries Error: Glossary entries must be defined in the preamble
when you use \makenoidxglossaries.

See the glossaries package documentation for explanation.
Type  H <return>  for immediate help.
 ...                                              
                                                  
l.67 ...in Internet-related services and products}
                                                  
Either move your definitions to the preamble or use \makeglossaries


./chapters/abbreviation.tex:68: Package glossaries Error: Glossary entries must be defined in the preamble
when you use \makenoidxglossaries.

See the glossaries package documentation for explanation.
Type  H <return>  for immediate help.
 ...                                              
                                                  
l.68 ...oogle focusing on AI and machine learning}
                                                  
Either move your definitions to the preamble or use \makeglossaries


./chapters/abbreviation.tex:69: Package glossaries Error: Glossary entries must be defined in the preamble
when you use \makenoidxglossaries.

See the glossaries package documentation for explanation.
Type  H <return>  for immediate help.
 ...                                              
                                                  
l.69 ...hms to allow computers to learn from data}
                                                  
Either move your definitions to the preamble or use \makeglossaries


./chapters/abbreviation.tex:70: Package glossaries Error: Glossary entries must be defined in the preamble
when you use \makenoidxglossaries.

See the glossaries package documentation for explanation.
Type  H <return>  for immediate help.
 ...                                              
                                                  
l.70 ...loud computing services offered by Google}
                                                  
Either move your definitions to the preamble or use \makeglossaries


./chapters/abbreviation.tex:72: Package glossaries Error: Glossary entries must be defined in the preamble
when you use \makenoidxglossaries.

See the glossaries package documentation for explanation.
Type  H <return>  for immediate help.
 ...                                              
                                                  
l.72 \newacronym{OAuth}{OAuth}{OAuth}
                                     
Either move your definitions to the preamble or use \makeglossaries


./chapters/abbreviation.tex:73: Package glossaries Error: Glossary entries must be defined in the preamble
when you use \makenoidxglossaries.

See the glossaries package documentation for explanation.
Type  H <return>  for immediate help.
 ...                                              
                                                  
l.73 \newacronym{DevOps}{DevOps}{DevOps}
                                        
Either move your definitions to the preamble or use \makeglossaries


./chapters/abbreviation.tex:74: Package glossaries Error: Glossary entries must be defined in the preamble
when you use \makenoidxglossaries.

See the glossaries package documentation for explanation.
Type  H <return>  for immediate help.
 ...                                              
                                                  
l.74 \newacronym{GDPR}{GDPR}{GDPR}
                                  
Either move your definitions to the preamble or use \makeglossaries

./chapters/abbreviation.tex:77: Undefined control sequence.
l.77 \pprintnoidxglossaries
                           [type=\acronymtype,title={List of Abbreviations}]
The control sequence at the end of the top line
of your error message was never \def'ed. If you have
misspelled it (e.g., `\hobx'), type `I' and the correct
spelling (e.g., `I\hbox'). Otherwise just continue,
and I'll forget about whatever was undefined.

) (./chapters/chapter_1.tex [4]
Underfull \hbox (badness 10000) in paragraph at lines 9--11

 []

[5{/usr/local/texlive/2024/texmf-dist/fonts/enc/dvips/cm-super/cm-super-ts1.enc}]) [6] (./chapters/chapter_2.tex
<assets/w3elites-end-to-end.png, id=42, 870.25125pt x 738.76pt>
File: assets/w3elites-end-to-end.png Graphic file (type png)
<use assets/w3elites-end-to-end.png>
Package pdftex.def Info: assets/w3elites-end-to-end.png  used on input line 12.
(pdftex.def)             Requested size: 2.84544pt x 2.41232pt.

Overfull \hbox (52.64842pt too wide) in paragraph at lines 24--38
 [][] 
 []

[7 <./assets/w3elites-end-to-end.png>]
<assets/piyush.png, id=47, 401.5pt x 401.5pt>
File: assets/piyush.png Graphic file (type png)
<use assets/piyush.png>
Package pdftex.def Info: assets/piyush.png  used on input line 61.
(pdftex.def)             Requested size: 5.69046pt x 5.68529pt.
) [8 <./assets/piyush.png>] (./chapters/chapter_3.tex

LaTeX Warning: `!h' float specifier changed to `!ht'.

[9]
Overfull \hbox (4.08368pt too wide) in paragraph at lines 65--75
 [][] 
 []

) [10] (./chapters/chapter_4.tex
Overfull \hbox (409.43944pt too wide) in paragraph at lines 16--35
 [][] 
 []

[11]
Package microtype Info: Loading generic protrusion settings for font family
(microtype)             `cmtt' (encoding: OT1).
(microtype)             For optimal results, create family-specific settings.
(microtype)             See the microtype manual for details.
 [12]) [13] (./chapters/chapter_5.tex

LaTeX Warning: Citation `russell2016artificial' on page 14 undefined on input line 4.

[14]) [15] (./chapters/chapter_6.tex

LaTeX Warning: Citation `sommerville2011software' on page 16 undefined on input line 4.


LaTeX Warning: Citation `mcconnell2004code' on page 16 undefined on input line 7.


LaTeX Warning: Citation `fowler2006continuous' on page 16 undefined on input line 10.


LaTeX Warning: Citation `kim2016devops' on page 16 undefined on input line 13.


LaTeX Warning: Citation `martin2017clean' on page 16 undefined on input line 23.


LaTeX Warning: Citation `larman2004applying' on page 16 undefined on input line 26.


LaTeX Warning: Citation `poppendieck2003lean' on page 16 undefined on input line 29.

[16]

LaTeX Warning: Citation `shostack2014threat' on page 17 undefined on input line 32.


LaTeX Warning: Citation `roberts2015scaling' on page 17 undefined on input line 35.


LaTeX Warning: Citation `harris2016backup' on page 17 undefined on input line 38.

) [17] (./chapters/chapter_7.tex

LaTeX Warning: `h' float specifier changed to `ht'.

[18]) [19] (./chapters/chapter_8.tex) [20] (./chapters/chapter_9.tex

LaTeX Warning: Citation `zhao2018progressive' on page 21 undefined on input line 4.


LaTeX Warning: Citation `jamstack2020' on page 21 undefined on input line 6.


LaTeX Warning: Citation `wasm2019' on page 21 undefined on input line 6.


LaTeX Warning: Citation `miller2021ai' on page 21 undefined on input line 16.


LaTeX Warning: Citation `nielsen2022nlp' on page 21 undefined on input line 16.


LaTeX Warning: Citation `jones2023personalization' on page 21 undefined on input line 18.


LaTeX Warning: Citation `li2021cybersecurity' on page 21 undefined on input line 18.


LaTeX Warning: Citation `smith2020microservices' on page 21 undefined on input line 28.


LaTeX Warning: Citation `johnson2021cloud' on page 21 undefined on input line 28.


LaTeX Warning: Citation `martin2022devops' on page 21 undefined on input line 30.


LaTeX Warning: Citation `brown2023iac' on page 21 undefined on input line 30.


LaTeX Warning: Citation `adams2021zerotrust' on page 21 undefined on input line 48.


LaTeX Warning: Citation `lee2022security' on page 21 undefined on input line 48.

[21]

LaTeX Warning: Citation `kim2021encryption' on page 22 undefined on input line 50.


LaTeX Warning: Citation `garcia2023secure' on page 22 undefined on input line 50.


LaTeX Warning: Citation `wang2021testing' on page 22 undefined on input line 50.


LaTeX Warning: Citation `miller2022quantum' on page 22 undefined on input line 60.


LaTeX Warning: Citation `doe2023fiveg' on page 22 undefined on input line 62.


LaTeX Warning: Citation `white2021web3' on page 22 undefined on input line 64.

)) [22] (./chapters/conclusion.tex

LaTeX Warning: Reference `fig:architecture_diagram' on page 23 undefined on input line 5.


LaTeX Warning: Reference `tab:security_measures' on page 23 undefined on input line 16.


LaTeX Warning: Reference `fig:scrum_meetings' on page 23 undefined on input line 36.


LaTeX Warning: Reference `fig:ci_cd_pipeline' on page 23 undefined on input line 48.

[23]

LaTeX Warning: Reference `tab:future_directions' on page 24 undefined on input line 59.


LaTeX Warning: Reference `tab:risk_management' on page 24 undefined on input line 79.

[24]) [25] (./chapters/references.tex) [26]

Package glossaries Warning: No \printnoidxglossary or \printnoidxglossaries
 found. (Remove \makenoidxglossaries if you don't want any glossaries.)
This document will not have a glossary.

(./main.aux)
 ***********
LaTeX2e <2023-11-01> patch level 1
L3 programming layer <2024-02-20>
 ***********


LaTeX Warning: There were undefined references.


LaTeX Warning: Label(s) may have changed. Rerun to get cross-references right.

 ) 
Here is how much of TeX's memory you used:
 13678 strings out of 474116
 224919 string characters out of 5743682
 1946187 words of memory out of 5000000
 35569 multiletter control sequences out of 15000+600000
 572622 words of font info for 191 fonts, out of 8000000 for 9000
 1141 hyphenation exceptions out of 8191
 94i,10n,117p,2463b,451s stack positions out of 10000i,1000n,20000p,200000b,200000s
</usr/local/texlive/2024/texmf-dist/fonts/type1/public/amsfonts/cm/cmbx10.pfb></usr/local/texlive/2024/texmf-dist/fonts/type1/public/amsfonts/cm/cmbx12.pfb></usr/local/texlive/2024/texmf-dist/fonts/type1/public/amsfonts/cm/cmbx9.pfb></usr/local/texlive/2024/texmf-dist/fonts/type1/public/amsfonts/cm/cmcsc10.pfb></usr/local/texlive/2024/texmf-dist/fonts/type1/public/amsfonts/cm/cmr10.pfb></usr/local/texlive/2024/texmf-dist/fonts/type1/public/amsfonts/cm/cmr12.pfb></usr/local/texlive/2024/texmf-dist/fonts/type1/public/amsfonts/cm/cmr9.pfb></usr/local/texlive/2024/texmf-dist/fonts/type1/public/amsfonts/cm/cmti12.pfb></usr/local/texlive/2024/texmf-dist/fonts/type1/public/amsfonts/cm/cmti9.pfb></usr/local/texlive/2024/texmf-dist/fonts/type1/public/amsfonts/cm/cmtt12.pfb></usr/local/texlive/2024/texmf-dist/fonts/type1/public/cm-super/sfrm1200.pfb>
Output written on main.pdf (28 pages, 1975272 bytes).
PDF statistics:
 158 PDF objects out of 1000 (max. 8388607)
 98 compressed objects within 1 object stream
 0 named destinations out of 1000 (max. 500000)
 43546 words of extra memory for PDF output out of 51595 (max. 10000000)

